<?xml version="1.0" encoding="UTF-8"?>
<!-- Generated by org.testng.reporters.JUnitXMLReporter -->
<testsuite ignored="0" hostname="B-Enukidzes-MBP" failures="0" tests="2" name="YoutubeTest" time="2.06" errors="0" timestamp="2024-04-23T19:34:43 GET">
  <testcase classname="ChromeRunner.ChromeRunner" name="@BeforeMethod setUp" time="1.996">
    <failure type="org.openqa.selenium.SessionNotCreatedException" message="Could not start a new session. Response code 500. Message: disconnected: unable to connect to renderer 
Host info: host: &amp;apos;B-Enukidzes-MBP&amp;apos;, ip: &amp;apos;192.168.1.217&amp;apos;
Build info: version: &amp;apos;4.18.1&amp;apos;, revision: &amp;apos;b1d3319b48&amp;apos;
System info: os.name: &amp;apos;Mac OS X&amp;apos;, os.arch: &amp;apos;aarch64&amp;apos;, os.version: &amp;apos;14.3.1&amp;apos;, java.version: &amp;apos;21.0.3&amp;apos;
Driver info: org.openqa.selenium.chrome.ChromeDriver
Command: [null, newSession {capabilities=[Capabilities {acceptInsecureCerts: true, browserName: chrome, goog:chromeOptions: {args: [--proxy-bypass-list=&amp;lt;-loopb..., --disable-dev-shm-usage, --window-size=1366,768], binary: /Users/b.enukidze/.cache/se..., excludeSwitches: [enable-automation, load-extension], extensions: [], prefs: {credentials_enable_service: false, download.default_directory: /Users/b.enukidze/Documents..., plugins.always_open_pdf_externally: true, profile.default_content_setting_values.automatic_downloads: 1, profile.password_manager_enabled: false, safebrowsing.enabled: true}}, pageLoadStrategy: normal, unhandledPromptBehavior: accept}]}]
selenide.url: https://youtube.com/
selenide.baseUrl: http://localhost:8080">
      <![CDATA[org.openqa.selenium.SessionNotCreatedException: Could not start a new session. Response code 500. Message: disconnected: unable to connect to renderer 
Host info: host: 'B-Enukidzes-MBP', ip: '192.168.1.217'
Build info: version: '4.18.1', revision: 'b1d3319b48'
System info: os.name: 'Mac OS X', os.arch: 'aarch64', os.version: '14.3.1', java.version: '21.0.3'
Driver info: org.openqa.selenium.chrome.ChromeDriver
Command: [null, newSession {capabilities=[Capabilities {acceptInsecureCerts: true, browserName: chrome, goog:chromeOptions: {args: [--proxy-bypass-list=<-loopb..., --disable-dev-shm-usage, --window-size=1366,768], binary: /Users/b.enukidze/.cache/se..., excludeSwitches: [enable-automation, load-extension], extensions: [], prefs: {credentials_enable_service: false, download.default_directory: /Users/b.enukidze/Documents..., plugins.always_open_pdf_externally: true, profile.default_content_setting_values.automatic_downloads: 1, profile.password_manager_enabled: false, safebrowsing.enabled: true}}, pageLoadStrategy: normal, unhandledPromptBehavior: accept}]}]
selenide.url: https://youtube.com/
selenide.baseUrl: http://localhost:8080
at org.openqa.selenium.remote.ProtocolHandshake.createSession(ProtocolHandshake.java:139)
at org.openqa.selenium.remote.ProtocolHandshake.createSession(ProtocolHandshake.java:95)
at org.openqa.selenium.remote.ProtocolHandshake.createSession(ProtocolHandshake.java:67)
at org.openqa.selenium.remote.HttpCommandExecutor.execute(HttpCommandExecutor.java:162)
at org.openqa.selenium.remote.service.DriverCommandExecutor.invokeExecute(DriverCommandExecutor.java:216)
at org.openqa.selenium.remote.service.DriverCommandExecutor.execute(DriverCommandExecutor.java:174)
at org.openqa.selenium.remote.RemoteWebDriver.execute(RemoteWebDriver.java:519)
at org.openqa.selenium.remote.RemoteWebDriver.startSession(RemoteWebDriver.java:233)
at org.openqa.selenium.remote.RemoteWebDriver.<init>(RemoteWebDriver.java:162)
at org.openqa.selenium.chromium.ChromiumDriver.<init>(ChromiumDriver.java:114)
at org.openqa.selenium.chrome.ChromeDriver.<init>(ChromeDriver.java:89)
at org.openqa.selenium.chrome.ChromeDriver.<init>(ChromeDriver.java:84)
at com.codeborne.selenide.webdriver.ChromeDriverFactory.create(ChromeDriverFactory.java:34)
at com.codeborne.selenide.webdriver.WebDriverFactory.createWebDriverInstance(WebDriverFactory.java:117)
at com.codeborne.selenide.webdriver.WebDriverFactory.createWebDriver(WebDriverFactory.java:67)
at com.codeborne.selenide.drivercommands.CreateDriverCommand.lambda$createDriver$0(CreateDriverCommand.java:72)
at com.codeborne.selenide.logevents.SelenideLogger.wrap(SelenideLogger.java:133)
at com.codeborne.selenide.logevents.SelenideLogger.get(SelenideLogger.java:113)
at com.codeborne.selenide.drivercommands.CreateDriverCommand.createDriver(CreateDriverCommand.java:48)
at com.codeborne.selenide.impl.WebDriverThreadLocalContainer.createDriver(WebDriverThreadLocalContainer.java:189)
at com.codeborne.selenide.impl.WebDriverThreadLocalContainer.createAndRegisterDriver(WebDriverThreadLocalContainer.java:174)
at com.codeborne.selenide.impl.WebDriverThreadLocalContainer.getAndCheckWebDriver(WebDriverThreadLocalContainer.java:136)
at com.codeborne.selenide.WebDriverRunner.getAndCheckWebDriver(WebDriverRunner.java:113)
at com.codeborne.selenide.impl.StaticDriver.getAndCheckWebDriver(StaticDriver.java:65)
at com.codeborne.selenide.SelenideDriver.getAndCheckWebDriver(SelenideDriver.java:211)
at com.codeborne.selenide.drivercommands.Navigator.lambda$navigateTo$0(Navigator.java:70)
at com.codeborne.selenide.logevents.SelenideLogger.lambda$run$0(SelenideLogger.java:105)
at com.codeborne.selenide.logevents.SelenideLogger.wrap(SelenideLogger.java:133)
at com.codeborne.selenide.logevents.SelenideLogger.run(SelenideLogger.java:104)
at com.codeborne.selenide.drivercommands.Navigator.navigateTo(Navigator.java:68)
at com.codeborne.selenide.drivercommands.Navigator.open(Navigator.java:31)
at com.codeborne.selenide.SelenideDriver.open(SelenideDriver.java:93)
at com.codeborne.selenide.Selenide.open(Selenide.java:53)
at ChromeRunner.ChromeRunner.setUp(ChromeRunner.java:17)
at java.base/java.util.ArrayList.forEach(ArrayList.java:1596)
at Test.main(Test.java:9)
... Removed 26 stack frames]]>
    </failure>
  </testcase> <!-- @BeforeMethod setUp -->
  <testcase classname="ChromeRunner.ChromeRunner" name="@AfterMethod tearDown" time="0.0">
    <skipped/>
  </testcase> <!-- @AfterMethod tearDown -->
  <testcase classname="ChromeRunner.ChromeRunner" name="@BeforeMethod setUp" time="0.0">
    <skipped/>
  </testcase> <!-- @BeforeMethod setUp -->
  <testcase classname="ChromeRunner.ChromeRunner" name="@AfterMethod tearDown" time="0.0">
    <skipped/>
  </testcase> <!-- @AfterMethod tearDown -->
  <testcase classname="YoutubeTest" name="Settings" time="0.0">
    <skipped/>
  </testcase> <!-- Settings -->
  <testcase classname="YoutubeTest" name="Subscribe" time="0.0">
    <skipped/>
  </testcase> <!-- Subscribe -->
</testsuite> <!-- YoutubeTest -->
