<?xml version="1.0" encoding="UTF-8"?>
<testng-results ignored="0" total="2" passed="0" failed="2" skipped="0">
  <reporter-output>
  </reporter-output>
  <suite started-at="2024-04-23T06:30:21 GET" name="YoutubeSuite" finished-at="2024-04-23T06:30:46 GET" duration-ms="24709">
    <groups>
    </groups>
    <test started-at="2024-04-23T06:30:21 GET" name="YoutubeTest" finished-at="2024-04-23T06:30:46 GET" duration-ms="24709">
      <class name="YoutubeTest">
        <test-method is-config="true" signature="setUp()[pri:0, instance:YoutubeTest@24c1b2d2]" started-at="2024-04-23T06:30:21 GET" name="setUp" finished-at="2024-04-23T06:30:27 GET" duration-ms="5252" status="PASS">
          <reporter-output>
          </reporter-output>
        </test-method> <!-- setUp -->
        <test-method signature="Settings()[pri:0, instance:YoutubeTest@24c1b2d2]" started-at="2024-04-23T06:30:27 GET" name="Settings" finished-at="2024-04-23T06:30:33 GET" duration-ms="6186" status="FAIL">
          <exception class="java.lang.RuntimeException">
            <message>
              <![CDATA[java.net.URISyntaxException: Illegal character in hostname at index 12: https://your_testrail_instance.testrail.io/index.php?]]>
            </message>
            <full-stacktrace>
              <![CDATA[java.lang.RuntimeException: java.net.URISyntaxException: Illegal character in hostname at index 12: https://your_testrail_instance.testrail.io/index.php?
at com.mashape.unirest.http.HttpClientHelper.prepareRequest(HttpClientHelper.java:183)
at com.mashape.unirest.http.HttpClientHelper.request(HttpClientHelper.java:131)
at com.mashape.unirest.request.BaseRequest.asString(BaseRequest.java:56)
at TestRailConnector.addResultForTest(TestRailConnector.java:32)
at YoutubeTest.Settings(YoutubeTest.java:60)
at java.base/jdk.internal.reflect.DirectMethodHandleAccessor.invoke(DirectMethodHandleAccessor.java:103)
at java.base/java.lang.reflect.Method.invoke(Method.java:580)
at org.testng.internal.invokers.MethodInvocationHelper.invokeMethod(MethodInvocationHelper.java:139)
at org.testng.internal.invokers.TestInvoker.invokeMethod(TestInvoker.java:664)
at org.testng.internal.invokers.TestInvoker.invokeTestMethod(TestInvoker.java:228)
at org.testng.internal.invokers.MethodRunner.runInSequence(MethodRunner.java:63)
at org.testng.internal.invokers.TestInvoker$MethodInvocationAgent.invoke(TestInvoker.java:961)
at org.testng.internal.invokers.TestInvoker.invokeTestMethods(TestInvoker.java:201)
at org.testng.internal.invokers.TestMethodWorker.invokeTestMethods(TestMethodWorker.java:148)
at org.testng.internal.invokers.TestMethodWorker.run(TestMethodWorker.java:128)
at java.base/java.util.ArrayList.forEach(ArrayList.java:1596)
at org.testng.TestRunner.privateRun(TestRunner.java:819)
at org.testng.TestRunner.run(TestRunner.java:619)
at org.testng.SuiteRunner.runTest(SuiteRunner.java:443)
at org.testng.SuiteRunner.runSequentially(SuiteRunner.java:437)
at org.testng.SuiteRunner.privateRun(SuiteRunner.java:397)
at org.testng.SuiteRunner.run(SuiteRunner.java:336)
at org.testng.SuiteRunnerWorker.runSuite(SuiteRunnerWorker.java:52)
at org.testng.SuiteRunnerWorker.run(SuiteRunnerWorker.java:95)
at org.testng.TestNG.runSuitesSequentially(TestNG.java:1301)
at org.testng.TestNG.runSuitesLocally(TestNG.java:1228)
at org.testng.TestNG.runSuites(TestNG.java:1134)
at org.testng.TestNG.run(TestNG.java:1101)
at Test.main(Test.java:9)
Caused by: java.net.URISyntaxException: Illegal character in hostname at index 12: https://your_testrail_instance.testrail.io/index.php?
at java.base/java.net.URI$Parser.fail(URI.java:2995)
at java.base/java.net.URI$Parser.parseHostname(URI.java:3547)
at java.base/java.net.URI$Parser.parseServer(URI.java:3394)
at java.base/java.net.URI$Parser.parseAuthority(URI.java:3304)
at java.base/java.net.URI$Parser.parseHierarchical(URI.java:3240)
at java.base/java.net.URI$Parser.parse(URI.java:3196)
at java.base/java.net.URI.<init>(URI.java:732)
at com.mashape.unirest.http.HttpClientHelper.prepareRequest(HttpClientHelper.java:172)
... 28 more
]]>
            </full-stacktrace>
          </exception> <!-- java.lang.RuntimeException -->
          <reporter-output>
          </reporter-output>
        </test-method> <!-- Settings -->
        <test-method is-config="true" signature="tearDown()[pri:0, instance:YoutubeTest@24c1b2d2]" started-at="2024-04-23T06:30:33 GET" name="tearDown" finished-at="2024-04-23T06:30:33 GET" duration-ms="1" status="PASS">
          <reporter-output>
          </reporter-output>
        </test-method> <!-- tearDown -->
        <test-method is-config="true" signature="setUp()[pri:0, instance:YoutubeTest@24c1b2d2]" started-at="2024-04-23T06:30:33 GET" name="setUp" finished-at="2024-04-23T06:30:34 GET" duration-ms="776" status="PASS">
          <reporter-output>
          </reporter-output>
        </test-method> <!-- setUp -->
        <test-method signature="Subscribe()[pri:0, instance:YoutubeTest@24c1b2d2]" started-at="2024-04-23T06:30:34 GET" name="Subscribe" finished-at="2024-04-23T06:30:46 GET" duration-ms="12433" status="FAIL">
          <exception class="java.lang.RuntimeException">
            <message>
              <![CDATA[java.net.URISyntaxException: Illegal character in hostname at index 12: https://your_testrail_instance.testrail.io/index.php?]]>
            </message>
            <full-stacktrace>
              <![CDATA[java.lang.RuntimeException: java.net.URISyntaxException: Illegal character in hostname at index 12: https://your_testrail_instance.testrail.io/index.php?
at com.mashape.unirest.http.HttpClientHelper.prepareRequest(HttpClientHelper.java:183)
at com.mashape.unirest.http.HttpClientHelper.request(HttpClientHelper.java:131)
at com.mashape.unirest.request.BaseRequest.asString(BaseRequest.java:56)
at TestRailConnector.addResultForTest(TestRailConnector.java:32)
at YoutubeTest.Subscribe(YoutubeTest.java:36)
at java.base/jdk.internal.reflect.DirectMethodHandleAccessor.invoke(DirectMethodHandleAccessor.java:103)
at java.base/java.lang.reflect.Method.invoke(Method.java:580)
at org.testng.internal.invokers.MethodInvocationHelper.invokeMethod(MethodInvocationHelper.java:139)
at org.testng.internal.invokers.TestInvoker.invokeMethod(TestInvoker.java:664)
at org.testng.internal.invokers.TestInvoker.invokeTestMethod(TestInvoker.java:228)
at org.testng.internal.invokers.MethodRunner.runInSequence(MethodRunner.java:63)
at org.testng.internal.invokers.TestInvoker$MethodInvocationAgent.invoke(TestInvoker.java:961)
at org.testng.internal.invokers.TestInvoker.invokeTestMethods(TestInvoker.java:201)
at org.testng.internal.invokers.TestMethodWorker.invokeTestMethods(TestMethodWorker.java:148)
at org.testng.internal.invokers.TestMethodWorker.run(TestMethodWorker.java:128)
at java.base/java.util.ArrayList.forEach(ArrayList.java:1596)
at org.testng.TestRunner.privateRun(TestRunner.java:819)
at org.testng.TestRunner.run(TestRunner.java:619)
at org.testng.SuiteRunner.runTest(SuiteRunner.java:443)
at org.testng.SuiteRunner.runSequentially(SuiteRunner.java:437)
at org.testng.SuiteRunner.privateRun(SuiteRunner.java:397)
at org.testng.SuiteRunner.run(SuiteRunner.java:336)
at org.testng.SuiteRunnerWorker.runSuite(SuiteRunnerWorker.java:52)
at org.testng.SuiteRunnerWorker.run(SuiteRunnerWorker.java:95)
at org.testng.TestNG.runSuitesSequentially(TestNG.java:1301)
at org.testng.TestNG.runSuitesLocally(TestNG.java:1228)
at org.testng.TestNG.runSuites(TestNG.java:1134)
at org.testng.TestNG.run(TestNG.java:1101)
at Test.main(Test.java:9)
Caused by: java.net.URISyntaxException: Illegal character in hostname at index 12: https://your_testrail_instance.testrail.io/index.php?
at java.base/java.net.URI$Parser.fail(URI.java:2995)
at java.base/java.net.URI$Parser.parseHostname(URI.java:3547)
at java.base/java.net.URI$Parser.parseServer(URI.java:3394)
at java.base/java.net.URI$Parser.parseAuthority(URI.java:3304)
at java.base/java.net.URI$Parser.parseHierarchical(URI.java:3240)
at java.base/java.net.URI$Parser.parse(URI.java:3196)
at java.base/java.net.URI.<init>(URI.java:732)
at com.mashape.unirest.http.HttpClientHelper.prepareRequest(HttpClientHelper.java:172)
... 28 more
]]>
            </full-stacktrace>
          </exception> <!-- java.lang.RuntimeException -->
          <reporter-output>
          </reporter-output>
        </test-method> <!-- Subscribe -->
        <test-method is-config="true" signature="tearDown()[pri:0, instance:YoutubeTest@24c1b2d2]" started-at="2024-04-23T06:30:46 GET" name="tearDown" finished-at="2024-04-23T06:30:46 GET" duration-ms="1" status="PASS">
          <reporter-output>
          </reporter-output>
        </test-method> <!-- tearDown -->
      </class> <!-- YoutubeTest -->
    </test> <!-- YoutubeTest -->
  </suite> <!-- YoutubeSuite -->
</testng-results>
